<?xml version="1.0" encoding="UTF-8"?>
<!-- Generated by org.testng.reporters.JUnitXMLReporter -->
<testsuite ignored="0" hostname="lkbl039-Latitude-E6420" failures="6" tests="7" name="Test" time="7.79" errors="0" timestamp="2020-03-18T15:49:43 IST">
  <testcase classname="Maven.BafAPIAutomationNew.Scenario2" name="ramIssue" time="6.583"/>
  <testcase classname="Maven.BafAPIAutomationNew.Scenario2" name="nfcIssue" time="1.2">
    <failure type="org.json.JSONException" message="JSONObject[&amp;quot;Hash&amp;quot;] not found.">
      <![CDATA[org.json.JSONException: JSONObject["Hash"] not found.
at org.json.JSONObject.get(JSONObject.java:573)
at org.json.JSONObject.getString(JSONObject.java:836)
at Modules.NFCIssue.nfcissue(NFCIssue.java:68)
at Maven.BafAPIAutomationNew.Scenario2.nfcIssue(Scenario2.java:40)
at java.base/java.util.ArrayList.forEach(ArrayList.java:1540)
at Maven.BafAPIAutomationNew.MainClass.main(MainClass.java:26)
... Removed 24 stack frames]]>
    </failure>
  </testcase> <!-- nfcIssue -->
  <testcase classname="Maven.BafAPIAutomationNew.Scenario2" name="manufacturerissue" time="0.001">
    <failure type="java.io.FileNotFoundException" message="Properties\Input.Properties (No such file or directory)">
      <![CDATA[java.io.FileNotFoundException: Properties\Input.Properties (No such file or directory)
at java.base/java.io.FileInputStream.open0(Native Method)
at java.base/java.io.FileInputStream.open(FileInputStream.java:219)
at java.base/java.io.FileInputStream.<init>(FileInputStream.java:157)
at java.base/java.io.FileInputStream.<init>(FileInputStream.java:112)
at Modules.ManufacturerIssue.manufacturerissue(ManufacturerIssue.java:25)
at Maven.BafAPIAutomationNew.Scenario2.manufacturerissue(Scenario2.java:47)
at java.base/java.util.ArrayList.forEach(ArrayList.java:1540)
at Maven.BafAPIAutomationNew.MainClass.main(MainClass.java:26)
... Removed 24 stack frames]]>
    </failure>
  </testcase> <!-- manufacturerissue -->
  <testcase classname="Maven.BafAPIAutomationNew.Scenario2" name="ramasapproverissue" time="0.001">
    <failure type="java.io.FileNotFoundException" message="Properties\Input.Properties (No such file or directory)">
      <![CDATA[java.io.FileNotFoundException: Properties\Input.Properties (No such file or directory)
at java.base/java.io.FileInputStream.open0(Native Method)
at java.base/java.io.FileInputStream.open(FileInputStream.java:219)
at java.base/java.io.FileInputStream.<init>(FileInputStream.java:157)
at java.base/java.io.FileInputStream.<init>(FileInputStream.java:112)
at Modules.RamAsApproverIssue.ramasapproverissue(RamAsApproverIssue.java:27)
at Maven.BafAPIAutomationNew.Scenario2.ramasapproverissue(Scenario2.java:53)
at java.base/java.util.ArrayList.forEach(ArrayList.java:1540)
at Maven.BafAPIAutomationNew.MainClass.main(MainClass.java:26)
... Removed 24 stack frames]]>
    </failure>
  </testcase> <!-- ramasapproverissue -->
  <testcase classname="Maven.BafAPIAutomationNew.Scenario2" name="distributorissue" time="0.0">
    <failure type="java.io.FileNotFoundException" message="Properties\Input.Properties (No such file or directory)">
      <![CDATA[java.io.FileNotFoundException: Properties\Input.Properties (No such file or directory)
at java.base/java.io.FileInputStream.open0(Native Method)
at java.base/java.io.FileInputStream.open(FileInputStream.java:219)
at java.base/java.io.FileInputStream.<init>(FileInputStream.java:157)
at java.base/java.io.FileInputStream.<init>(FileInputStream.java:112)
at Modules.DistributorIssue.distributorissue1(DistributorIssue.java:90)
at Maven.BafAPIAutomationNew.Scenario2.distributorissue(Scenario2.java:59)
at java.base/java.util.ArrayList.forEach(ArrayList.java:1540)
at Maven.BafAPIAutomationNew.MainClass.main(MainClass.java:26)
... Removed 24 stack frames]]>
    </failure>
  </testcase> <!-- distributorissue -->
  <testcase classname="Maven.BafAPIAutomationNew.Scenario2" name="revoke" time="0.0">
    <failure type="java.io.FileNotFoundException" message="Properties\Input.Properties (No such file or directory)">
      <![CDATA[java.io.FileNotFoundException: Properties\Input.Properties (No such file or directory)
at java.base/java.io.FileInputStream.open0(Native Method)
at java.base/java.io.FileInputStream.open(FileInputStream.java:219)
at java.base/java.io.FileInputStream.<init>(FileInputStream.java:157)
at java.base/java.io.FileInputStream.<init>(FileInputStream.java:112)
at Modules.Revoke.revokeusingCoinID(Revoke.java:23)
at Maven.BafAPIAutomationNew.Scenario2.revoke(Scenario2.java:65)
at java.base/java.util.ArrayList.forEach(ArrayList.java:1540)
at Maven.BafAPIAutomationNew.MainClass.main(MainClass.java:26)
... Removed 24 stack frames]]>
    </failure>
  </testcase> <!-- revoke -->
  <testcase classname="Maven.BafAPIAutomationNew.Scenario2" name="verifyProduct" time="0.0">
    <failure type="java.io.FileNotFoundException" message="Properties\Input.Properties (No such file or directory)">
      <![CDATA[java.io.FileNotFoundException: Properties\Input.Properties (No such file or directory)
at java.base/java.io.FileInputStream.open0(Native Method)
at java.base/java.io.FileInputStream.open(FileInputStream.java:219)
at java.base/java.io.FileInputStream.<init>(FileInputStream.java:157)
at java.base/java.io.FileInputStream.<init>(FileInputStream.java:112)
at Modules.VerifyProduct.verifyProductusingCoinID(VerifyProduct.java:23)
at Maven.BafAPIAutomationNew.Scenario2.verifyProduct(Scenario2.java:74)
at java.base/java.util.ArrayList.forEach(ArrayList.java:1540)
at Maven.BafAPIAutomationNew.MainClass.main(MainClass.java:26)
... Removed 24 stack frames]]>
    </failure>
  </testcase> <!-- verifyProduct -->
</testsuite> <!-- Test -->
