<?xml version="1.0" encoding="UTF-8"?>
<!-- Generated by org.testng.reporters.JUnitXMLReporter -->
<testsuite hostname="LKB-L-061" ignored="0" name="Default test" tests="8" failures="0" timestamp="2020-03-11T17:43:19 IST" time="326.841" errors="0">
  <testcase name="ramIssue" time="50.716" classname="Maven.BafAPIAutomationNew.Scenario1"/>
  <testcase name="nfcIssue" time="47.138" classname="Maven.BafAPIAutomationNew.Scenario1"/>
  <testcase name="manufacturerissue" time="46.296" classname="Maven.BafAPIAutomationNew.Scenario1"/>
  <testcase name="ramasapproverissue" time="46.363" classname="Maven.BafAPIAutomationNew.Scenario1"/>
  <testcase name="distributorissue" time="47.483" classname="Maven.BafAPIAutomationNew.Scenario1"/>
  <testcase name="revoke" time="44.607" classname="Maven.BafAPIAutomationNew.Scenario1"/>
  <testcase name="verifyProduct" time="16.274" classname="Maven.BafAPIAutomationNew.Scenario1"/>
  <testcase name="verifyBatchProducts" time="27.696" classname="Maven.BafAPIAutomationNew.Scenario1"/>
</testsuite> <!-- Default test -->
