<?xml version="1.0" encoding="UTF-8"?>
<!-- Generated by org.testng.reporters.JUnitXMLReporter -->
<testsuite ignored="0" hostname="lkbl039-Latitude-E6420" failures="6" tests="7" name="Test" time="9.308" errors="0" timestamp="2020-03-18T15:49:35 IST">
  <testcase classname="Maven.BafAPIAutomationNew.Scenario1" name="ramIssue" time="7.85"/>
  <testcase classname="Maven.BafAPIAutomationNew.Scenario1" name="nfcIssue" time="1.251">
    <failure type="org.json.JSONException" message="JSONObject[&amp;quot;Hash&amp;quot;] not found.">
      <![CDATA[org.json.JSONException: JSONObject["Hash"] not found.
at org.json.JSONObject.get(JSONObject.java:573)
at org.json.JSONObject.getString(JSONObject.java:836)
at Modules.NFCIssue.nfcissue(NFCIssue.java:68)
at Maven.BafAPIAutomationNew.Scenario1.nfcIssue(Scenario1.java:41)
at java.base/java.util.ArrayList.forEach(ArrayList.java:1540)
at Maven.BafAPIAutomationNew.MainClass.main(MainClass.java:26)
... Removed 24 stack frames]]>
    </failure>
  </testcase> <!-- nfcIssue -->
  <testcase classname="Maven.BafAPIAutomationNew.Scenario1" name="manufacturerissue" time="0.003">
    <failure type="java.io.FileNotFoundException" message="Properties\Input.Properties (No such file or directory)">
      <![CDATA[java.io.FileNotFoundException: Properties\Input.Properties (No such file or directory)
at java.base/java.io.FileInputStream.open0(Native Method)
at java.base/java.io.FileInputStream.open(FileInputStream.java:219)
at java.base/java.io.FileInputStream.<init>(FileInputStream.java:157)
at java.base/java.io.FileInputStream.<init>(FileInputStream.java:112)
at Modules.ManufacturerIssue.manufacturerissue(ManufacturerIssue.java:25)
at Maven.BafAPIAutomationNew.Scenario1.manufacturerissue(Scenario1.java:48)
at java.base/java.util.ArrayList.forEach(ArrayList.java:1540)
at Maven.BafAPIAutomationNew.MainClass.main(MainClass.java:26)
... Removed 24 stack frames]]>
    </failure>
  </testcase> <!-- manufacturerissue -->
  <testcase classname="Maven.BafAPIAutomationNew.Scenario1" name="ramasapproverissue" time="0.001">
    <failure type="java.io.FileNotFoundException" message="Properties\Input.Properties (No such file or directory)">
      <![CDATA[java.io.FileNotFoundException: Properties\Input.Properties (No such file or directory)
at java.base/java.io.FileInputStream.open0(Native Method)
at java.base/java.io.FileInputStream.open(FileInputStream.java:219)
at java.base/java.io.FileInputStream.<init>(FileInputStream.java:157)
at java.base/java.io.FileInputStream.<init>(FileInputStream.java:112)
at Modules.RamAsApproverIssue.ramasapproverissue(RamAsApproverIssue.java:27)
at Maven.BafAPIAutomationNew.Scenario1.ramasapproverissue(Scenario1.java:55)
at java.base/java.util.ArrayList.forEach(ArrayList.java:1540)
at Maven.BafAPIAutomationNew.MainClass.main(MainClass.java:26)
... Removed 24 stack frames]]>
    </failure>
  </testcase> <!-- ramasapproverissue -->
  <testcase classname="Maven.BafAPIAutomationNew.Scenario1" name="distributorissue" time="0.0">
    <failure type="java.io.FileNotFoundException" message="Properties\Input.Properties (No such file or directory)">
      <![CDATA[java.io.FileNotFoundException: Properties\Input.Properties (No such file or directory)
at java.base/java.io.FileInputStream.open0(Native Method)
at java.base/java.io.FileInputStream.open(FileInputStream.java:219)
at java.base/java.io.FileInputStream.<init>(FileInputStream.java:157)
at java.base/java.io.FileInputStream.<init>(FileInputStream.java:112)
at Modules.DistributorIssue.distributorissue(DistributorIssue.java:24)
at Maven.BafAPIAutomationNew.Scenario1.distributorissue(Scenario1.java:62)
at java.base/java.util.ArrayList.forEach(ArrayList.java:1540)
at Maven.BafAPIAutomationNew.MainClass.main(MainClass.java:26)
... Removed 24 stack frames]]>
    </failure>
  </testcase> <!-- distributorissue -->
  <testcase classname="Maven.BafAPIAutomationNew.Scenario1" name="revoke" time="0.0">
    <failure type="java.io.FileNotFoundException" message="Properties\Input.Properties (No such file or directory)">
      <![CDATA[java.io.FileNotFoundException: Properties\Input.Properties (No such file or directory)
at java.base/java.io.FileInputStream.open0(Native Method)
at java.base/java.io.FileInputStream.open(FileInputStream.java:219)
at java.base/java.io.FileInputStream.<init>(FileInputStream.java:157)
at java.base/java.io.FileInputStream.<init>(FileInputStream.java:112)
at Modules.Revoke.revokeusingCoinID(Revoke.java:23)
at Maven.BafAPIAutomationNew.Scenario1.revoke(Scenario1.java:69)
at java.base/java.util.ArrayList.forEach(ArrayList.java:1540)
at Maven.BafAPIAutomationNew.MainClass.main(MainClass.java:26)
... Removed 24 stack frames]]>
    </failure>
  </testcase> <!-- revoke -->
  <testcase classname="Maven.BafAPIAutomationNew.Scenario1" name="verifyProduct" time="0.0">
    <failure type="java.io.FileNotFoundException" message="Properties\Input.Properties (No such file or directory)">
      <![CDATA[java.io.FileNotFoundException: Properties\Input.Properties (No such file or directory)
at java.base/java.io.FileInputStream.open0(Native Method)
at java.base/java.io.FileInputStream.open(FileInputStream.java:219)
at java.base/java.io.FileInputStream.<init>(FileInputStream.java:157)
at java.base/java.io.FileInputStream.<init>(FileInputStream.java:112)
at Modules.VerifyProduct.verifyProductusingCoinID(VerifyProduct.java:23)
at Maven.BafAPIAutomationNew.Scenario1.verifyProduct(Scenario1.java:79)
at java.base/java.util.ArrayList.forEach(ArrayList.java:1540)
at Maven.BafAPIAutomationNew.MainClass.main(MainClass.java:26)
... Removed 24 stack frames]]>
    </failure>
  </testcase> <!-- verifyProduct -->
</testsuite> <!-- Test -->
